Amazon product error: Message: no such element: Unable to locate element: {"method":"xpath","selector":".//h2//span"}
  (Session info: chrome=137.0.7151.69); For documentation on this error, please visit: https://www.selenium.dev/documentation/webdriver/troubleshooting/errors#no-such-element-exception
Stacktrace:
	GetHandleVerifier [0x0x1073783+63299]
	GetHandleVerifier [0x0x10737c4+63364]
	(No symbol) [0x0xea1113]
	(No symbol) [0x0xee987e]
	(No symbol) [0x0xee9c1b]
	(No symbol) [0x0xedefb1]
	(No symbol) [0x0xf0e5c4]
	(No symbol) [0x0xedeed4]
	(No symbol) [0x0xf0e7f4]
	(No symbol) [0x0xf2fa4a]
	(No symbol) [0x0xf0e376]
	(No symbol) [0x0xedd6e0]
	(No symbol) [0x0xede544]
	GetHandleVerifier [0x0x12ce073+2531379]
	GetHandleVerifier [0x0x12c9372+2511666]
	GetHandleVerifier [0x0x1099efa+220858]
	GetHandleVerifier [0x0x108a548+156936]
	GetHandleVerifier [0x0x1090c7d+183357]
	GetHandleVerifier [0x0x107b6e8+95912]
	GetHandleVerifier [0x0x107b890+96336]
	GetHandleVerifier [0x0x106666a+9770]
	BaseThreadInitThunk [0x0x75ab7ba9+25]
	RtlInitializeExceptionChain [0x0x7765c0cb+107]
	RtlClearBits [0x0x7765c04f+191]

Croma results not loading: Message: 
Stacktrace:
	GetHandleVerifier [0x0x1073783+63299]
	GetHandleVerifier [0x0x10737c4+63364]
	(No symbol) [0x0xea1113]
	(No symbol) [0x0xee987e]
	(No symbol) [0x0xee9c1b]
	(No symbol) [0x0xf32212]
	(No symbol) [0x0xf0e5c4]
	(No symbol) [0x0xf2fa4a]
	(No symbol) [0x0xf0e376]
	(No symbol) [0x0xedd6e0]
	(No symbol) [0x0xede544]
	GetHandleVerifier [0x0x12ce073+2531379]
	GetHandleVerifier [0x0x12c9372+2511666]
	GetHandleVerifier [0x0x1099efa+220858]
	GetHandleVerifier [0x0x108a548+156936]
	GetHandleVerifier [0x0x1090c7d+183357]
	GetHandleVerifier [0x0x107b6e8+95912]
	GetHandleVerifier [0x0x107b890+96336]
	GetHandleVerifier [0x0x106666a+9770]
	BaseThreadInitThunk [0x0x75ab7ba9+25]
	RtlInitializeExceptionChain [0x0x7765c0cb+107]
	RtlClearBits [0x0x7765c04f+191]
